<?xml version="1.0" encoding="UTF-8"?>
<!-- Generated by org.testng.reporters.JUnitXMLReporter -->
<testsuite ignored="0" hostname="DESKTOP-1PAP7HU" failures="0" tests="7" name="Command line test" time="1.844" errors="0" timestamp="2023-03-22T20:27:17 PDT">
  <testcase classname="AnosikeKongaProjectTest" name="@BeforeTest start" time="0.632">
    <failure type="java.lang.AbstractMethodError" message="Receiver class org.openqa.selenium.edge.EdgeDriverService$Builder does not define or inherit an implementation of the resolved method &amp;apos;abstract java.util.List createArgs()&amp;apos; of abstract class org.openqa.selenium.remote.service.DriverService$Builder.">
      <![CDATA[java.lang.AbstractMethodError: Receiver class org.openqa.selenium.edge.EdgeDriverService$Builder does not define or inherit an implementation of the resolved method 'abstract java.util.List createArgs()' of abstract class org.openqa.selenium.remote.service.DriverService$Builder.
at org.openqa.selenium.remote.service.DriverService$Builder.build(DriverService.java:463)
at org.openqa.selenium.edge.EdgeDriverService.createDefaultService(EdgeDriverService.java:55)
at org.openqa.selenium.edge.EdgeDriver.<init>(EdgeDriver.java:98)
at AnosikeKongaProjectTest.start(AnosikeKongaProjectTest.java:34)
... Removed 29 stack frames]]>
    </failure>
  </testcase> <!-- @BeforeTest start -->
  <testcase classname="AnosikeKongaProjectTest" name="postiveSignup" time="0.0">
    <skipped/>
  </testcase> <!-- postiveSignup -->
  <testcase classname="AnosikeKongaProjectTest" name="category" time="0.001">
    <skipped/>
  </testcase> <!-- category -->
  <testcase classname="AnosikeKongaProjectTest" name="sellectAppleMacBook" time="0.0">
    <skipped/>
  </testcase> <!-- sellectAppleMacBook -->
  <testcase classname="AnosikeKongaProjectTest" name="addtocart" time="0.001">
    <skipped/>
  </testcase> <!-- addtocart -->
  <testcase classname="AnosikeKongaProjectTest" name="selectcartitem" time="0.0">
    <skipped/>
  </testcase> <!-- selectcartitem -->
  <testcase classname="AnosikeKongaProjectTest" name="addaddress" time="0.0">
    <skipped/>
  </testcase> <!-- addaddress -->
  <testcase classname="AnosikeKongaProjectTest" name="filladdressform" time="0.0">
    <skipped/>
  </testcase> <!-- filladdressform -->
</testsuite> <!-- Command line test -->
